uv run uji-fl-isolated/validate_fl.py 
[VALIDATE] Device: cuda
[VALIDATE] Client-1 Data: /home/pen/Federated-Learning-in-Facial-Recognition-Based-Attendance-System/pre/uji-fl-isolated/../../datasets/client1_data/students
[VALIDATE] Client-2 Data: /home/pen/Federated-Learning-in-Facial-Recognition-Based-Attendance-System/pre/uji-fl-isolated/../../datasets/client2_data/students
[VALIDATE] Global Model v0: /home/pen/Federated-Learning-in-Facial-Recognition-Based-Attendance-System/pre/uji-fl-isolated/../../federated-learning/server/app/model/global_model_v0.pth
============================================================
[SPLIT] Client-1: 15 students | Client-2: 15 students
[SPLIT] Total global classes: 30

============================================================
PHASE TRAINING
============================================================
[INIT] Loaded global_model_v0 (state_dict)
[Client-1] 15 students, 1741 images
[INIT] Loaded global_model_v0 (state_dict)
[Client-2] 15 students, 1571 images
[INIT] Loaded global_model_v0 (state_dict)

--- ROUND 1/5 (LR=0.0001) ---
   [Client-1] Ep1 Loss=11.0032 Acc=8.7%
   [Client-1] Ep2 Loss=3.0696 Acc=60.9%
   [Client-1] Ep3 Loss=2.0615 Acc=82.0%
   [Client-2] Ep1 Loss=12.8381 Acc=5.8%
   [Client-2] Ep2 Loss=4.7268 Acc=43.7%
   [Client-2] Ep3 Loss=2.6405 Acc=70.0%

--- ROUND 2/5 (LR=0.0001) ---
   [Client-1] Ep1 Loss=2.8255 Acc=60.0%
   [Client-1] Ep2 Loss=1.6193 Acc=86.0%
   [Client-1] Ep3 Loss=1.4449 Acc=90.4%
   [Client-2] Ep1 Loss=3.5965 Acc=51.1%
   [Client-2] Ep2 Loss=1.8868 Acc=79.9%
   [Client-2] Ep3 Loss=1.6951 Acc=85.4%

--- ROUND 3/5 (LR=0.0001) ---
   [Client-1] Ep1 Loss=1.6300 Acc=81.2%
   [Client-1] Ep2 Loss=1.3520 Acc=90.6%
   [Client-1] Ep3 Loss=1.3191 Acc=91.8%
   [Client-2] Ep1 Loss=1.9265 Acc=76.4%
   [Client-2] Ep2 Loss=1.4792 Acc=89.2%
   [Client-2] Ep3 Loss=1.3971 Acc=90.8%

--- ROUND 4/5 (LR=5e-05) ---
   [Client-1] Ep1 Loss=1.3965 Acc=86.4%
   [Client-1] Ep2 Loss=1.2526 Acc=91.7%
   [Client-1] Ep3 Loss=1.2634 Acc=92.0%
   [Client-2] Ep1 Loss=1.4564 Acc=84.5%
   [Client-2] Ep2 Loss=1.3619 Acc=90.0%
   [Client-2] Ep3 Loss=1.2492 Acc=92.7%

--- ROUND 5/5 (LR=5e-05) ---
   [Client-1] Ep1 Loss=1.2285 Acc=90.1%
   [Client-1] Ep2 Loss=1.1572 Acc=94.1%
   [Client-1] Ep3 Loss=1.1318 Acc=93.3%
   [Client-2] Ep1 Loss=1.2724 Acc=89.3%
   [Client-2] Ep2 Loss=1.2153 Acc=93.5%
   [Client-2] Ep3 Loss=1.1920 Acc=93.3%

[TRAINING] Complete!

============================================================
PHASE BN COMBINATION
============================================================
[INIT] Loaded global_model_v0 (state_dict)
[BN] Combined 25 BN parameters from both clients.

============================================================
PHASE REGISTRY GENERATION
============================================================
   [Client-1] 5027221021: 74 images → centroid computed
   [Client-1] 5027221050: 77 images → centroid computed
   [Client-1] 5027221063: 108 images → centroid computed
   [Client-1] 5027221072: 93 images → centroid computed
   [Client-1] 5027231009: 235 images → centroid computed
   [Client-1] 5027231014: 211 images → centroid computed
   [Client-1] 5027231027: 115 images → centroid computed
   [Client-1] 5027231028: 83 images → centroid computed
   [Client-1] 5027231030: 94 images → centroid computed
   [Client-1] 5027231035: 151 images → centroid computed
   [Client-1] 5027231086: 92 images → centroid computed
   [Client-1] 5027241008: 92 images → centroid computed
   [Client-1] 5027241022: 132 images → centroid computed
   [Client-1] 5027241032: 72 images → centroid computed
   [Client-1] 5027241034: 112 images → centroid computed
   [Client-2] 5027241036: 100 images → centroid computed
   [Client-2] 5027241039: 131 images → centroid computed
   [Client-2] 5027241040: 72 images → centroid computed
   [Client-2] 5027241048: 84 images → centroid computed
   [Client-2] 5027241051: 149 images → centroid computed
   [Client-2] 5027241065: 83 images → centroid computed
   [Client-2] 5027241068: 85 images → centroid computed
   [Client-2] 5027241072: 66 images → centroid computed
   [Client-2] 5027241079: 215 images → centroid computed
   [Client-2] 5027241085: 78 images → centroid computed
   [Client-2] 5027241089: 80 images → centroid computed
   [Client-2] 5027241094: 83 images → centroid computed
   [Client-2] 5027241095: 65 images → centroid computed
   [Client-2] 5027241096: 166 images → centroid computed
   [Client-2] 5027241115: 114 images → centroid computed

[REGISTRY] 30 identities registered.

============================================================
PHASE VALIDATION (Self-Similarity Test)
============================================================
Each student's own photos → should score HIGH against their centroid.
------------------------------------------------------------
  ✅ 5027221021 (Steven Figo): 0.9702 (samples: 5)
  ✅ 5027221050 (Jody Hezekiah Tanasa Sagala): 0.9709 (samples: 5)
  ✅ 5027221063 (Salomo): 0.8724 (samples: 5)
  ✅ 5027221072 (Zidny Ilman Nafi'an): 0.9336 (samples: 5)
  ✅ 5027231009 (Daffa Rajendra Priatama): 0.9276 (samples: 5)
  ✅ 5027231014 (Muhamad Arrayyan): 0.9297 (samples: 5)
  ✅ 5027231027 (Kevin Anugerah Faza): 0.8849 (samples: 5)
  ✅ 5027231028 (Amoes Noland): 0.9757 (samples: 5)
  ✅ 5027231030 (Fico Simhanandi): 0.9782 (samples: 5)
  ✅ 5027231035 (RM. Novian Malcolm Bayuputra): 0.9380 (samples: 5)
  ✅ 5027231086 (Kharisma Fahrun Nisa): 0.9582 (samples: 5)
  ✅ 5027241008 (Paundra Pujo Darmawan): 0.9749 (samples: 5)
  ✅ 5027241022 (Ardhi Putra Pradana): 0.9119 (samples: 5)
  ✅ 5027241032 (Dimas Satya Andhika): 0.8460 (samples: 5)
  ✅ 5027241034 (Aditya Reza Daffansyah): 0.9744 (samples: 5)
  ✅ 5027241036 (Arya Bisma Putra Refman): 0.9594 (samples: 5)
  ✅ 5027241039 (Rayka Dharma Pranandita): 0.9296 (samples: 5)
  ✅ 5027241040 (Ahmad Yazid Arifuddin): 0.9104 (samples: 5)
  ✅ 5027241048 (Muhammad Afrizan Rasya): 0.9358 (samples: 5)
  ✅ 5027241051 (Reza Aziz Simatupang): 0.9542 (samples: 5)
  ✅ 5027241065 (Dina Rahmadani): 0.9126 (samples: 5)
  ✅ 5027241068 (Ahmad Rafi Fadhillah Dwiputra): 0.9534 (samples: 5)
  ✅ 5027241072 (Gemilang Ananda Lingua): 0.9597 (samples: 5)
  ✅ 5027241079 (M. Hikari Reiziq Rakhmadinta): 0.9114 (samples: 5)
  ✅ 5027241085 (Ahmad Syauqi Reza): 0.8959 (samples: 5)
  ✅ 5027241089 (Muhammad Khosyi Syehab): 0.9264 (samples: 5)
  ✅ 5027241094 (Nadia Fauziazahra Kusumastuti): 0.9602 (samples: 5)
  ✅ 5027241095 (Nafis Faqih Allmuzaky Maolidi): 0.9537 (samples: 5)
  ✅ 5027241096 (Hafiz Ramadhan): 0.9238 (samples: 5)
  ✅ 5027241115 (M. Alfaeran Auriga Ruswandi): 0.9199 (samples: 5)

============================================================
SUMMARY
============================================================
Total Identities : 30
Avg Similarity   : 0.9351
Score > 0.50     : 30/30 (100%)
Score > 0.35     : 30/30 (100%)
Score > 0.20     : 30/30 (100%)

🎯 ARCHITECTURE: VALID — Scores acceptable for FL Privacy Tax range

[SAVED] test_registry.pth, test_backbone.pth → /home/pen/Federated-Learning-in-Facial-Recognition-Based-Attendance-System/pre/uji-fl-isolated

nah gini hasilnya 